  course-11.cpp
D:\code\Abu-hadhoud-course\course-5\course-11\course-11.cpp(1,10): warning C4067: unexpected tokens following preprocessor directive - expected a newline
D:\code\Abu-hadhoud-course\course-5\course-11\course-11.cpp(2,10): warning C4067: unexpected tokens following preprocessor directive - expected a newline
D:\code\Abu-hadhoud-course\course-5\course-11\clsUtils.h(56,13): warning C4244: 'argument': conversion from 'time_t' to 'unsigned int', possible loss of data
  (compiling source file 'course-11.cpp')
  
D:\code\Abu-hadhoud-course\course-5\course-11\clsUtils.h(430,40): warning C4267: '=': conversion from 'size_t' to 'int', possible loss of data
  (compiling source file 'course-11.cpp')
  
D:\code\Abu-hadhoud-course\course-5\course-11\clsUtils.h(444,54): warning C4267: 'argument': conversion from 'size_t' to 'int', possible loss of data
  (compiling source file 'course-11.cpp')
  
D:\code\Abu-hadhoud-course\course-5\course-11\clsUtils.h(444,106): warning C4267: 'argument': conversion from 'size_t' to 'int', possible loss of data
  (compiling source file 'course-11.cpp')
  
D:\code\Abu-hadhoud-course\course-5\course-11\clsUtils.h(599,12): warning C4244: 'return': conversion from 'float' to 'int', possible loss of data
  (compiling source file 'course-11.cpp')
  
D:\code\Abu-hadhoud-course\course-5\course-11\clsUtils.h(602,10): warning C4244: 'return': conversion from 'float' to 'int', possible loss of data
  (compiling source file 'course-11.cpp')
  
D:\code\Abu-hadhoud-course\course-5\course-11\clsUtils.h(607,13): warning C4244: 'return': conversion from 'double' to 'float', possible loss of data
  (compiling source file 'course-11.cpp')
  
D:\code\Abu-hadhoud-course\course-5\course-11\course-11.cpp(3,10): warning C4067: unexpected tokens following preprocessor directive - expected a newline
D:\code\Abu-hadhoud-course\course-5\course-10\clsString.h(43,25): warning C4267: 'return': conversion from 'size_t' to 'short', possible loss of data
  (compiling source file 'course-11.cpp')
  
D:\code\Abu-hadhoud-course\course-5\course-10\clsString.h(48,29): warning C4267: 'return': conversion from 'size_t' to 'short', possible loss of data
  (compiling source file 'course-11.cpp')
  
D:\code\Abu-hadhoud-course\course-5\course-10\clsString.h(60,30): warning C4267: '=': conversion from 'size_t' to 'short', possible loss of data
  (compiling source file 'course-11.cpp')
  
D:\code\Abu-hadhoud-course\course-5\course-10\clsString.h(197,29): warning C4267: 'return': conversion from 'size_t' to 'short', possible loss of data
  (compiling source file 'course-11.cpp')
  
D:\code\Abu-hadhoud-course\course-5\course-10\clsString.h(327,30): warning C4267: '=': conversion from 'size_t' to 'short', possible loss of data
  (compiling source file 'course-11.cpp')
  
D:\code\Abu-hadhoud-course\course-5\course-10\clsString.h(375,22): warning C4267: 'initializing': conversion from 'size_t' to 'short', possible loss of data
  (compiling source file 'course-11.cpp')
  
D:\code\Abu-hadhoud-course\course-5\course-11\course-11.cpp(4,10): warning C4067: unexpected tokens following preprocessor directive - expected a newline
D:\code\Abu-hadhoud-course\course-5\course-11\clsUser.h(359,19): warning C4091: 'static ': ignored on left of 'clsUser::stLoginRegisterRecord' when no variable is declared
  (compiling source file 'course-11.cpp')
  
D:\code\Abu-hadhoud-course\course-5\course-11\clsBankClient.h(30,65): warning C4244: 'argument': conversion from 'double' to 'float', possible loss of data
  (compiling source file 'course-11.cpp')
  
D:\code\Abu-hadhoud-course\course-5\course-11\clsBankClient.h(384,24): warning C4244: 'argument': conversion from 'double' to 'float', possible loss of data
  (compiling source file 'course-11.cpp')
  
D:\code\Abu-hadhoud-course\course-5\course-11\clsBankClient.h(391,24): warning C4244: 'argument': conversion from 'double' to 'float', possible loss of data
  (compiling source file 'course-11.cpp')
  
D:\code\Abu-hadhoud-course\course-5\course-11\clsAddClientScreen.h(20,66): warning C4244: 'argument': conversion from 'NumberType' to 'float', possible loss of data
D:\code\Abu-hadhoud-course\course-5\course-11\clsAddClientScreen.h(20,66): warning C4244:         with
D:\code\Abu-hadhoud-course\course-5\course-11\clsAddClientScreen.h(20,66): warning C4244:         [
D:\code\Abu-hadhoud-course\course-5\course-11\clsAddClientScreen.h(20,66): warning C4244:             NumberType=double
D:\code\Abu-hadhoud-course\course-5\course-11\clsAddClientScreen.h(20,66): warning C4244:         ]
  (compiling source file 'course-11.cpp')
  
D:\code\Abu-hadhoud-course\course-5\course-11\clsUpdateClientScreen.h(21,66): warning C4244: 'argument': conversion from 'NumberType' to 'float', possible loss of data
D:\code\Abu-hadhoud-course\course-5\course-11\clsUpdateClientScreen.h(21,66): warning C4244:         with
D:\code\Abu-hadhoud-course\course-5\course-11\clsUpdateClientScreen.h(21,66): warning C4244:         [
D:\code\Abu-hadhoud-course\course-5\course-11\clsUpdateClientScreen.h(21,66): warning C4244:             NumberType=double
D:\code\Abu-hadhoud-course\course-5\course-11\clsUpdateClientScreen.h(21,66): warning C4244:         ]
  (compiling source file 'course-11.cpp')
  
D:\code\Abu-hadhoud-course\course-5\course-11\clsDepositScreen.h(70,12): warning C4129: 'O': unrecognized character escape sequence
  (compiling source file 'course-11.cpp')
  
D:\code\Abu-hadhoud-course\course-5\course-11\clsWithdrawScreen.h(77,13): warning C4129: 'O': unrecognized character escape sequence
  (compiling source file 'course-11.cpp')
  
D:\code\Abu-hadhoud-course\course-5\course-11\clsTotalBalancesScreen.h(49,48): warning C4244: 'argument': conversion from 'double' to 'int', possible loss of data
  (compiling source file 'course-11.cpp')
  
D:\code\Abu-hadhoud-course\course-5\course-11\clsTransferScreen.h(53,51): warning C4244: '=': conversion from 'NumberType' to 'float', possible loss of data
D:\code\Abu-hadhoud-course\course-5\course-11\clsTransferScreen.h(53,51): warning C4244:         with
D:\code\Abu-hadhoud-course\course-5\course-11\clsTransferScreen.h(53,51): warning C4244:         [
D:\code\Abu-hadhoud-course\course-5\course-11\clsTransferScreen.h(53,51): warning C4244:             NumberType=double
D:\code\Abu-hadhoud-course\course-5\course-11\clsTransferScreen.h(53,51): warning C4244:         ]
  (compiling source file 'course-11.cpp')
  
D:\code\Abu-hadhoud-course\course-5\course-11\clsTransferScreen.h(58,52): warning C4244: '=': conversion from 'NumberType' to 'float', possible loss of data
D:\code\Abu-hadhoud-course\course-5\course-11\clsTransferScreen.h(58,52): warning C4244:         with
D:\code\Abu-hadhoud-course\course-5\course-11\clsTransferScreen.h(58,52): warning C4244:         [
D:\code\Abu-hadhoud-course\course-5\course-11\clsTransferScreen.h(58,52): warning C4244:             NumberType=double
D:\code\Abu-hadhoud-course\course-5\course-11\clsTransferScreen.h(58,52): warning C4244:         ]
  (compiling source file 'course-11.cpp')
  
D:\code\Abu-hadhoud-course\course-5\course-11\clsCurrency.h(39,97): warning C4244: 'argument': conversion from 'double' to 'float', possible loss of data
  (compiling source file 'course-11.cpp')
  
  Generating code
D:\code\Abu-hadhoud-course\course-5\course-11\clsCurrency.h(223): warning C4715: 'clsCurrency::FinByCurrencyCode': not all control paths return a value
D:\code\Abu-hadhoud-course\course-5\course-11\clsCurrency.h(195): warning C4715: 'clsCurrency::FinByCurrencyCountry': not all control paths return a value
D:\code\Abu-hadhoud-course\course-5\course-11\clsBankClient.h(356): warning C4715: 'clsBankClient::Save': not all control paths return a value
D:\code\Abu-hadhoud-course\course-5\course-11\clsUser.h(310): warning C4715: 'clsUser::Save': not all control paths return a value
  775 of 902 functions (85.9%) were compiled, the rest were copied from previous compilation.
    620 functions were new in current compilation
    29 functions had inline decision re-evaluated but remain unchanged
  Finished generating code
  course-11.vcxproj -> D:\code\Abu-hadhoud-course\course-5\x64\Release\course-11.exe
